Arguments: 
  /Users/miken/.nvm/versions/node/v16.6.2/bin/node /Users/miken/.nvm/versions/node/v16.6.2/bin/yarn set version stable

PATH: 
  /Users/miken/.nvm/versions/node/v16.6.2/bin:/Library/Frameworks/Python.framework/Versions/3.9/bin:/opt/homebrew/bin:/opt/homebrew/sbin:/usr/local/bin:/System/Cryptexes/App/usr/bin:/usr/bin:/bin:/usr/sbin:/sbin:/Users/miken/.cabal/bin:/Users/miken/.ghcup/bin:/Users/miken/opt/miniconda3/bin:/Users/miken/opt/miniconda3/condabin:/Users/miken/.nvm/versions/node/v16.6.2/bin:/Library/Frameworks/Python.framework/Versions/3.9/bin:/opt/homebrew/bin:/opt/homebrew/sbin:/Users/miken/.cargo/bin

Yarn version: 
  1.22.11

Node version: 
  16.6.2

Platform: 
  darwin arm64

Trace: 
  Error: Release not found: stable
      at /Users/miken/.nvm/versions/node/v16.6.2/lib/node_modules/yarn/lib/cli.js:90309:17
      at Generator.next (<anonymous>)
      at step (/Users/miken/.nvm/versions/node/v16.6.2/lib/node_modules/yarn/lib/cli.js:310:30)
      at /Users/miken/.nvm/versions/node/v16.6.2/lib/node_modules/yarn/lib/cli.js:321:13
      at processTicksAndRejections (node:internal/process/task_queues:96:5)

npm manifest: 
  {
    "name": "togethr-app",
    "version": "1.0.0",
    "main": "node_modules/expo/AppEntry.js",
    "scripts": {
      "start": "expo start",
      "android": "expo start --android",
      "ios": "expo start --ios",
      "web": "expo start --web"
    },
    "dependencies": {
      "expo": "~47.0.12",
      "expo-status-bar": "~1.4.2",
      "react": "18.1.0",
      "react-native": "0.70.5"
    },
    "devDependencies": {
      "@babel/core": "^7.12.9"
    },
    "private": true
  }

yarn manifest: 
  No manifest

Lockfile: 
  No lockfile
